# JRE version: Java(TM) SE Runtime Environment (8.0_212-b10) (build 1.8.0_212-b10)
# Java VM: Java HotSpot(TM) 64-Bit Server VM (25.212-b10 mixed mode windows-amd64 compressed oops)
Heap:
 PSYoungGen      total 130560K, used 14522K [0x00000000e0000000, 0x00000000e9280000, 0x0000000100000000)
  eden space 118784K, 2% used [0x00000000e0000000,0x00000000e02b6830,0x00000000e7400000)
  from space 11776K, 99% used [0x00000000e8700000,0x00000000e92781a0,0x00000000e9280000)
  to   space 12800K, 0% used [0x00000000e7980000,0x00000000e7980000,0x00000000e8600000)
 ParOldGen       total 77824K, used 17493K [0x00000000a0000000, 0x00000000a4c00000, 0x00000000e0000000)
  object space 77824K, 22% used [0x00000000a0000000,0x00000000a1115780,0x00000000a4c00000)
 Metaspace       used 45009K, capacity 45928K, committed 46120K, reserved 1089536K
  class space    used 6090K, capacity 6376K, committed 6448K, reserved 1048576K
GC Heap History (10 events):
Event: 9.973 GC heap before
{Heap before GC invocations=8 (full 1):
 PSYoungGen      total 66560K, used 56832K [0x00000000e0000000, 0x00000000e4c00000, 0x0000000100000000)
  eden space 56832K, 100% used [0x00000000e0000000,0x00000000e3780000,0x00000000e3780000)
  from space 9728K, 0% used [0x00000000e4180000,0x00000000e4180000,0x00000000e4b00000)
  to   space 10240K, 0% used [0x00000000e3780000,0x00000000e3780000,0x00000000e4180000)
 ParOldGen       total 51712K, used 9439K [0x00000000a0000000, 0x00000000a3280000, 0x00000000e0000000)
  object space 51712K, 18% used [0x00000000a0000000,0x00000000a0937f28,0x00000000a3280000)
 Metaspace       used 27736K, capacity 28174K, committed 28592K, reserved 1073152K
  class space    used 3805K, capacity 3942K, committed 4016K, reserved 1048576K
Event: 9.982 GC heap after
Heap after GC invocations=8 (full 1):
 PSYoungGen      total 67072K, used 6917K [0x00000000e0000000, 0x00000000e6f80000, 0x0000000100000000)
  eden space 56832K, 0% used [0x00000000e0000000,0x00000000e0000000,0x00000000e3780000)
  from space 10240K, 67% used [0x00000000e3780000,0x00000000e3e41648,0x00000000e4180000)
  to   space 10240K, 0% used [0x00000000e6580000,0x00000000e6580000,0x00000000e6f80000)
 ParOldGen       total 51712K, used 9447K [0x00000000a0000000, 0x00000000a3280000, 0x00000000e0000000)
  object space 51712K, 18% used [0x00000000a0000000,0x00000000a0939f28,0x00000000a3280000)
 Metaspace       used 27736K, capacity 28174K, committed 28592K, reserved 1073152K
  class space    used 3805K, capacity 3942K, committed 4016K, reserved 1048576K
}
Event: 11.408 GC heap before
{Heap before GC invocations=9 (full 1):
 PSYoungGen      total 67072K, used 63749K [0x00000000e0000000, 0x00000000e6f80000, 0x0000000100000000)
  eden space 56832K, 100% used [0x00000000e0000000,0x00000000e3780000,0x00000000e3780000)
  from space 10240K, 67% used [0x00000000e3780000,0x00000000e3e41648,0x00000000e4180000)
  to   space 10240K, 0% used [0x00000000e6580000,0x00000000e6580000,0x00000000e6f80000)
 ParOldGen       total 51712K, used 9447K [0x00000000a0000000, 0x00000000a3280000, 0x00000000e0000000)
  object space 51712K, 18% used [0x00000000a0000000,0x00000000a0939f28,0x00000000a3280000)
 Metaspace       used 30691K, capacity 31058K, committed 31408K, reserved 1077248K
  class space    used 4304K, capacity 4434K, committed 4528K, reserved 1048576K
Event: 11.416 GC heap after
Heap after GC invocations=9 (full 1):
 PSYoungGen      total 99840K, used 7678K [0x00000000e0000000, 0x00000000e6d80000, 0x0000000100000000)
  eden space 91648K, 0% used [0x00000000e0000000,0x00000000e0000000,0x00000000e5980000)
  from space 8192K, 93% used [0x00000000e6580000,0x00000000e6cff830,0x00000000e6d80000)
  to   space 10240K, 0% used [0x00000000e5980000,0x00000000e5980000,0x00000000e6380000)
 ParOldGen       total 51712K, used 9455K [0x00000000a0000000, 0x00000000a3280000, 0x00000000e0000000)
  object space 51712K, 18% used [0x00000000a0000000,0x00000000a093bf28,0x00000000a3280000)
 Metaspace       used 30691K, capacity 31058K, committed 31408K, reserved 1077248K
  class space    used 4304K, capacity 4434K, committed 4528K, reserved 1048576K
}
Event: 12.639 GC heap before
{Heap before GC invocations=10 (full 1):
 PSYoungGen      total 99840K, used 73058K [0x00000000e0000000, 0x00000000e6d80000, 0x0000000100000000)
  eden space 91648K, 71% used [0x00000000e0000000,0x00000000e3fd8ff0,0x00000000e5980000)
  from space 8192K, 93% used [0x00000000e6580000,0x00000000e6cff830,0x00000000e6d80000)
  to   space 10240K, 0% used [0x00000000e5980000,0x00000000e5980000,0x00000000e6380000)
 ParOldGen       total 51712K, used 9455K [0x00000000a0000000, 0x00000000a3280000, 0x00000000e0000000)
  object space 51712K, 18% used [0x00000000a0000000,0x00000000a093bf28,0x00000000a3280000)
 Metaspace       used 34840K, capacity 35344K, committed 35496K, reserved 1079296K
  class space    used 4830K, capacity 5015K, committed 5040K, reserved 1048576K
Event: 12.653 GC heap after
Heap after GC invocations=10 (full 1):
 PSYoungGen      total 101888K, used 10224K [0x00000000e0000000, 0x00000000e9280000, 0x0000000100000000)
  eden space 91648K, 0% used [0x00000000e0000000,0x00000000e0000000,0x00000000e5980000)
  from space 10240K, 99% used [0x00000000e5980000,0x00000000e637c0c0,0x00000000e6380000)
  to   space 11776K, 0% used [0x00000000e8700000,0x00000000e8700000,0x00000000e9280000)
 ParOldGen       total 51712K, used 9755K [0x00000000a0000000, 0x00000000a3280000, 0x00000000e0000000)
  object space 51712K, 18% used [0x00000000a0000000,0x00000000a0986cb8,0x00000000a3280000)
 Metaspace       used 34840K, capacity 35344K, committed 35496K, reserved 1079296K
  class space    used 4830K, capacity 5015K, committed 5040K, reserved 1048576K
}
Event: 12.653 GC heap before
{Heap before GC invocations=11 (full 2):
 PSYoungGen      total 101888K, used 10224K [0x00000000e0000000, 0x00000000e9280000, 0x0000000100000000)
  eden space 91648K, 0% used [0x00000000e0000000,0x00000000e0000000,0x00000000e5980000)
  from space 10240K, 99% used [0x00000000e5980000,0x00000000e637c0c0,0x00000000e6380000)
  to   space 11776K, 0% used [0x00000000e8700000,0x00000000e8700000,0x00000000e9280000)
 ParOldGen       total 51712K, used 9755K [0x00000000a0000000, 0x00000000a3280000, 0x00000000e0000000)
  object space 51712K, 18% used [0x00000000a0000000,0x00000000a0986cb8,0x00000000a3280000)
 Metaspace       used 34840K, capacity 35344K, committed 35496K, reserved 1079296K
  class space    used 4830K, capacity 5015K, committed 5040K, reserved 1048576K
Event: 12.715 GC heap after
Heap after GC invocations=11 (full 2):
 PSYoungGen      total 101888K, used 0K [0x00000000e0000000, 0x00000000e9280000, 0x0000000100000000)
  eden space 91648K, 0% used [0x00000000e0000000,0x00000000e0000000,0x00000000e5980000)
  from space 10240K, 0% used [0x00000000e5980000,0x00000000e5980000,0x00000000e6380000)
  to   space 11776K, 0% used [0x00000000e8700000,0x00000000e8700000,0x00000000e9280000)
 ParOldGen       total 77824K, used 17161K [0x00000000a0000000, 0x00000000a4c00000, 0x00000000e0000000)
  object space 77824K, 22% used [0x00000000a0000000,0x00000000a10c26e0,0x00000000a4c00000)
 Metaspace       used 34832K, capacity 35320K, committed 35496K, reserved 1079296K
  class space    used 4828K, capacity 5011K, committed 5040K, reserved 1048576K
}
Event: 15.180 GC heap before
{Heap before GC invocations=12 (full 2):
 PSYoungGen      total 101888K, used 91648K [0x00000000e0000000, 0x00000000e9280000, 0x0000000100000000)
  eden space 91648K, 100% used [0x00000000e0000000,0x00000000e5980000,0x00000000e5980000)
  from space 10240K, 0% used [0x00000000e5980000,0x00000000e5980000,0x00000000e6380000)
  to   space 11776K, 0% used [0x00000000e8700000,0x00000000e8700000,0x00000000e9280000)
 ParOldGen       total 77824K, used 17161K [0x00000000a0000000, 0x00000000a4c00000, 0x00000000e0000000)
  object space 77824K, 22% used [0x00000000a0000000,0x00000000a10c26e0,0x00000000a4c00000)
 Metaspace       used 45002K, capacity 45928K, committed 46120K, reserved 1089536K
  class space    used 6088K, capacity 6376K, committed 6448K, reserved 1048576K
Event: 15.197 GC heap after
Heap after GC invocations=12 (full 2):
 PSYoungGen      total 130560K, used 11744K [0x00000000e0000000, 0x00000000e9280000, 0x0000000100000000)
  eden space 118784K, 0% used [0x00000000e0000000,0x00000000e0000000,0x00000000e7400000)
  from space 11776K, 99% used [0x00000000e8700000,0x00000000e92781a0,0x00000000e9280000)
  to   space 12800K, 0% used [0x00000000e7980000,0x00000000e7980000,0x00000000e8600000)
 ParOldGen       total 77824K, used 17493K [0x00000000a0000000, 0x00000000a4c00000, 0x00000000e0000000)
  object space 77824K, 22% used [0x00000000a0000000,0x00000000a1115780,0x00000000a4c00000)
 Metaspace       used 45002K, capacity 45928K, committed 46120K, reserved 1089536K
  class space    used 6088K, capacity 6376K, committed 6448K, reserved 1048576K
}

